<?xml version="1.0" encoding="UTF-8"?>
<!-- Generated by org.testng.reporters.JUnitReportReporter -->
<testsuite hostname="ttnpl-4645" failures="0" tests="1" name="dp.Rc.ReadConsole" time="6.566" errors="0" timestamp="2021-04-26T16:44:16 IST" skipped="0">
  <testcase classname="dp.Rc.ReadConsole" name="ReadBrowserLogs" time="6.566"/>
  <system-out/>
</testsuite> <!-- dp.Rc.ReadConsole -->
