<?xml version="1.0" encoding="UTF-8"?>
<!-- Generated by org.testng.reporters.JUnitReportReporter -->
<testsuite hostname="ttnpl-4645" failures="0" tests="5" name="dp.Rc.DataProviderFromExcel" time="0.021" errors="0" timestamp="2021-04-26T16:36:54 IST" skipped="0">
  <testcase classname="dp.Rc.DataProviderFromExcel" name="ExcelDataProviders" time="0.009"/>
  <system-out/>
  <testcase classname="dp.Rc.DataProviderFromExcel" name="ExcelDataProviders" time="0.004"/>
  <system-out/>
  <testcase classname="dp.Rc.DataProviderFromExcel" name="ExcelDataProviders" time="0.002"/>
  <system-out/>
  <testcase classname="dp.Rc.DataProviderFromExcel" name="ExcelDataProviders" time="0.002"/>
  <system-out/>
  <testcase classname="dp.Rc.DataProviderFromExcel" name="ExcelDataProviders" time="0.004"/>
  <system-out/>
</testsuite> <!-- dp.Rc.DataProviderFromExcel -->
